This file contains any messages produced by compilers while
running configure, to aid debugging if configure makes a mistake.

It was created by libltdl configure 1.2, which was
generated by GNU Autoconf 2.59.  Invocation command line was

  $ ../../libltdl/configure --prefix=/g/g15/bronevet/Compilers/ROSE/compile --with-boost=/g/g15/bronevet/apps/boost_1_36_0-gcc4/ CC=/usr/local/bin/gcc CXX=/usr/local/bin/g++ --enable-ltdl-convenience --cache-file=/dev/null --srcdir=../../libltdl CPPFLAGS= LDFLAGS= --no-create --no-recursion

## --------- ##
## Platform. ##
## --------- ##

hostname = hera0
uname -m = x86_64
uname -r = 2.6.18-105chaos
uname -s = Linux
uname -v = #1 SMP Mon Feb 14 16:50:42 EST 2011

/usr/bin/uname -p = unknown
/bin/uname -X     = unknown

/bin/arch              = x86_64
/usr/bin/arch -k       = unknown
/usr/convex/getsysinfo = unknown
hostinfo               = unknown
/bin/machine           = unknown
/usr/bin/oslevel       = unknown
/bin/universe          = unknown

PATH: /usr/local/tools/libdwarf/bin
PATH: /usr/global/tools/totalview/m/hera/dflt/bin
PATH: /g/g15/bronevet/apps/tools
PATH: /g/g15/bronevet/apps/pUtils
PATH: /g/g15/bronevet/apps/ne-1.43/src/bin/chaos_4_x86_64_ib
PATH: /usr/local/tools/hpctoolkit/bin
PATH: /usr/global/tools/pstat
PATH: /g/g15/bronevet/apps/taskfarm/tools
PATH: /g/g15/bronevet/apps/taskfarm/tools/bin/chaos_4_x86_64_ib
PATH: /g/g15/bronevet/apps/mpiUtils/bin/chaos_4_x86_64_ib
PATH: /g/g15/bronevet/apps/f2c/bin/chaos_4_x86_64_ib
PATH: /g/g15/bronevet/apps/graphviz/bin/chaos_4_x86_64_ib
PATH: /g/g15/bronevet/apps/graphviz/bin
PATH: /g/g15/bronevet/apps/scheduler
PATH: /g/g15/bronevet/apps/taskfarm
PATH: /usr/lib64/qt-3.3/bin
PATH: /usr/local/bin
PATH: /bin
PATH: /usr/bin
PATH: /usr/bin/X11
PATH: /usr/lib/mpi/bin
PATH: /usr/apps/bin
PATH: /usr/gapps/bin
PATH: /usr/kerberos/bin
PATH: .


## ----------- ##
## Core tests. ##
## ----------- ##

configure:1580: checking for a BSD-compatible install
configure:1635: result: /usr/bin/install -c
configure:1646: checking whether build environment is sane
configure:1689: result: yes
configure:1754: checking for gawk
configure:1770: found /bin/gawk
configure:1780: result: gawk
configure:1790: checking whether make sets $(MAKE)
configure:1810: result: yes
configure:2022: checking for gcc
configure:2048: result: /usr/local/bin/gcc
configure:2292: checking for C compiler version
configure:2295: /usr/local/bin/gcc --version </dev/null >&5
gcc (GCC) 4.1.2 20080704 (Red Hat 4.1.2-50)
Copyright (C) 2006 Free Software Foundation, Inc.
This is free software; see the source for copying conditions.  There is NO
warranty; not even for MERCHANTABILITY or FITNESS FOR A PARTICULAR PURPOSE.

configure:2298: $? = 0
configure:2300: /usr/local/bin/gcc -v </dev/null >&5
Using built-in specs.
Target: x86_64-redhat-linux
Configured with: ../configure --prefix=/usr --mandir=/usr/share/man --infodir=/usr/share/info --enable-shared --enable-threads=posix --enable-checking=release --with-system-zlib --enable-__cxa_atexit --disable-libunwind-exceptions --enable-libgcj-multifile --enable-languages=c,c++,objc,obj-c++,java,fortran,ada --enable-java-awt=gtk --disable-dssi --disable-plugin --with-java-home=/usr/lib/jvm/java-1.4.2-gcj-1.4.2.0/jre --with-cpu=generic --host=x86_64-redhat-linux
Thread model: posix
gcc version 4.1.2 20080704 (Red Hat 4.1.2-50)
configure:2303: $? = 0
configure:2305: /usr/local/bin/gcc -V </dev/null >&5
gcc: '-V' option must have argument
configure:2308: $? = 1
configure:2331: checking for C compiler default output file name
configure:2334: /usr/local/bin/gcc    conftest.c  >&5
configure:2337: $? = 0
configure:2383: result: a.out
configure:2388: checking whether the C compiler works
configure:2394: ./a.out
configure:2397: $? = 0
configure:2414: result: yes
configure:2421: checking whether we are cross compiling
configure:2423: result: no
configure:2426: checking for suffix of executables
configure:2428: /usr/local/bin/gcc -o conftest    conftest.c  >&5
configure:2431: $? = 0
configure:2456: result: 
configure:2462: checking for suffix of object files
configure:2483: /usr/local/bin/gcc -c   conftest.c >&5
configure:2486: $? = 0
configure:2508: result: o
configure:2512: checking whether we are using the GNU C compiler
configure:2536: /usr/local/bin/gcc -c   conftest.c >&5
configure:2542: $? = 0
configure:2546: test -z 
			 || test ! -s conftest.err
configure:2549: $? = 0
configure:2552: test -s conftest.o
configure:2555: $? = 0
configure:2568: result: yes
configure:2574: checking whether /usr/local/bin/gcc accepts -g
configure:2595: /usr/local/bin/gcc -c -g  conftest.c >&5
configure:2601: $? = 0
configure:2605: test -z 
			 || test ! -s conftest.err
configure:2608: $? = 0
configure:2611: test -s conftest.o
configure:2614: $? = 0
configure:2625: result: yes
configure:2642: checking for /usr/local/bin/gcc option to accept ANSI C
configure:2712: /usr/local/bin/gcc  -c -g -O2  conftest.c >&5
configure:2718: $? = 0
configure:2722: test -z 
			 || test ! -s conftest.err
configure:2725: $? = 0
configure:2728: test -s conftest.o
configure:2731: $? = 0
configure:2749: result: none needed
configure:2767: /usr/local/bin/gcc -c -g -O2  conftest.c >&5
conftest.c:2: error: expected '=', ',', ';', 'asm' or '__attribute__' before 'me'
configure:2773: $? = 1
configure: failed program was:
| #ifndef __cplusplus
|   choke me
| #endif
configure:2917: checking for style of include used by make
configure:2945: result: GNU
configure:2973: checking dependency style of /usr/local/bin/gcc
configure:3063: result: none
configure:3081: checking for an ANSI C-conforming const
configure:3148: /usr/local/bin/gcc -c -g -O2  conftest.c >&5
configure:3154: $? = 0
configure:3158: test -z 
			 || test ! -s conftest.err
configure:3161: $? = 0
configure:3164: test -s conftest.o
configure:3167: $? = 0
configure:3178: result: yes
configure:3188: checking for inline
configure:3209: /usr/local/bin/gcc -c -g -O2  conftest.c >&5
configure:3215: $? = 0
configure:3219: test -z 
			 || test ! -s conftest.err
configure:3222: $? = 0
configure:3225: test -s conftest.o
configure:3228: $? = 0
configure:3240: result: inline
configure:3344: checking build system type
configure:3362: result: x86_64-redhat-linux-gnu
configure:3370: checking host system type
configure:3384: result: x86_64-redhat-linux-gnu
configure:3392: checking for a sed that does not truncate output
configure:3448: result: /bin/sed
configure:3451: checking for egrep
configure:3461: result: grep -E
configure:3477: checking for ld used by /usr/local/bin/gcc
configure:3544: result: /usr/local/bin/ld
configure:3553: checking if the linker (/usr/local/bin/ld) is GNU ld
configure:3568: result: yes
configure:3573: checking for /usr/local/bin/ld option to reload object files
configure:3580: result: -r
configure:3598: checking for BSD-compatible nm
configure:3647: result: /usr/bin/nm -B
configure:3651: checking whether ln -s works
configure:3655: result: yes
configure:3662: checking how to recognise dependent libraries
configure:3838: result: pass_all
configure:3925: /usr/local/bin/gcc -c -g -O2  conftest.c >&5
configure:3928: $? = 0
configure:4316: checking how to run the C preprocessor
configure:4351: /usr/local/bin/gcc -E  conftest.c
configure:4357: $? = 0
configure:4389: /usr/local/bin/gcc -E  conftest.c
conftest.c:9:28: error: ac_nonexistent.h: No such file or directory
configure:4395: $? = 1
configure: failed program was:
| /* confdefs.h.  */
| 
| #define PACKAGE_NAME "libltdl"
| #define PACKAGE_TARNAME "libltdl"
| #define PACKAGE_VERSION "1.2"
| #define PACKAGE_STRING "libltdl 1.2"
| #define PACKAGE_BUGREPORT "bug-libtool@gnu.org"
| /* end confdefs.h.  */
| #include <ac_nonexistent.h>
configure:4434: result: /usr/local/bin/gcc -E
configure:4458: /usr/local/bin/gcc -E  conftest.c
configure:4464: $? = 0
configure:4496: /usr/local/bin/gcc -E  conftest.c
conftest.c:9:28: error: ac_nonexistent.h: No such file or directory
configure:4502: $? = 1
configure: failed program was:
| /* confdefs.h.  */
| 
| #define PACKAGE_NAME "libltdl"
| #define PACKAGE_TARNAME "libltdl"
| #define PACKAGE_VERSION "1.2"
| #define PACKAGE_STRING "libltdl 1.2"
| #define PACKAGE_BUGREPORT "bug-libtool@gnu.org"
| /* end confdefs.h.  */
| #include <ac_nonexistent.h>
configure:4546: checking for ANSI C header files
configure:4571: /usr/local/bin/gcc -c -g -O2  conftest.c >&5
configure:4577: $? = 0
configure:4581: test -z 
			 || test ! -s conftest.err
configure:4584: $? = 0
configure:4587: test -s conftest.o
configure:4590: $? = 0
configure:4679: /usr/local/bin/gcc -o conftest -g -O2   conftest.c  >&5
conftest.c: In function 'main':
conftest.c:26: warning: incompatible implicit declaration of built-in function 'exit'
configure:4682: $? = 0
configure:4684: ./conftest
configure:4687: $? = 0
configure:4702: result: yes
configure:4726: checking for sys/types.h
configure:4742: /usr/local/bin/gcc -c -g -O2  conftest.c >&5
configure:4748: $? = 0
configure:4752: test -z 
			 || test ! -s conftest.err
configure:4755: $? = 0
configure:4758: test -s conftest.o
configure:4761: $? = 0
configure:4772: result: yes
configure:4726: checking for sys/stat.h
configure:4742: /usr/local/bin/gcc -c -g -O2  conftest.c >&5
configure:4748: $? = 0
configure:4752: test -z 
			 || test ! -s conftest.err
configure:4755: $? = 0
configure:4758: test -s conftest.o
configure:4761: $? = 0
configure:4772: result: yes
configure:4726: checking for stdlib.h
configure:4742: /usr/local/bin/gcc -c -g -O2  conftest.c >&5
configure:4748: $? = 0
configure:4752: test -z 
			 || test ! -s conftest.err
configure:4755: $? = 0
configure:4758: test -s conftest.o
configure:4761: $? = 0
configure:4772: result: yes
configure:4726: checking for string.h
configure:4742: /usr/local/bin/gcc -c -g -O2  conftest.c >&5
configure:4748: $? = 0
configure:4752: test -z 
			 || test ! -s conftest.err
configure:4755: $? = 0
configure:4758: test -s conftest.o
configure:4761: $? = 0
configure:4772: result: yes
configure:4726: checking for memory.h
configure:4742: /usr/local/bin/gcc -c -g -O2  conftest.c >&5
configure:4748: $? = 0
configure:4752: test -z 
			 || test ! -s conftest.err
configure:4755: $? = 0
configure:4758: test -s conftest.o
configure:4761: $? = 0
configure:4772: result: yes
configure:4726: checking for strings.h
configure:4742: /usr/local/bin/gcc -c -g -O2  conftest.c >&5
configure:4748: $? = 0
configure:4752: test -z 
			 || test ! -s conftest.err
configure:4755: $? = 0
configure:4758: test -s conftest.o
configure:4761: $? = 0
configure:4772: result: yes
configure:4726: checking for inttypes.h
configure:4742: /usr/local/bin/gcc -c -g -O2  conftest.c >&5
configure:4748: $? = 0
configure:4752: test -z 
			 || test ! -s conftest.err
configure:4755: $? = 0
configure:4758: test -s conftest.o
configure:4761: $? = 0
configure:4772: result: yes
configure:4726: checking for stdint.h
configure:4742: /usr/local/bin/gcc -c -g -O2  conftest.c >&5
configure:4748: $? = 0
configure:4752: test -z 
			 || test ! -s conftest.err
configure:4755: $? = 0
configure:4758: test -s conftest.o
configure:4761: $? = 0
configure:4772: result: yes
configure:4726: checking for unistd.h
configure:4742: /usr/local/bin/gcc -c -g -O2  conftest.c >&5
configure:4748: $? = 0
configure:4752: test -z 
			 || test ! -s conftest.err
configure:4755: $? = 0
configure:4758: test -s conftest.o
configure:4761: $? = 0
configure:4772: result: yes
configure:4798: checking dlfcn.h usability
configure:4810: /usr/local/bin/gcc -c -g -O2  conftest.c >&5
configure:4816: $? = 0
configure:4820: test -z 
			 || test ! -s conftest.err
configure:4823: $? = 0
configure:4826: test -s conftest.o
configure:4829: $? = 0
configure:4839: result: yes
configure:4843: checking dlfcn.h presence
configure:4853: /usr/local/bin/gcc -E  conftest.c
configure:4859: $? = 0
configure:4879: result: yes
configure:4914: checking for dlfcn.h
configure:4921: result: yes
configure:5028: checking for C++ compiler version
configure:5031: /usr/local/bin/g++ --version </dev/null >&5
g++ (GCC) 4.1.2 20080704 (Red Hat 4.1.2-50)
Copyright (C) 2006 Free Software Foundation, Inc.
This is free software; see the source for copying conditions.  There is NO
warranty; not even for MERCHANTABILITY or FITNESS FOR A PARTICULAR PURPOSE.

configure:5034: $? = 0
configure:5036: /usr/local/bin/g++ -v </dev/null >&5
Using built-in specs.
Target: x86_64-redhat-linux
Configured with: ../configure --prefix=/usr --mandir=/usr/share/man --infodir=/usr/share/info --enable-shared --enable-threads=posix --enable-checking=release --with-system-zlib --enable-__cxa_atexit --disable-libunwind-exceptions --enable-libgcj-multifile --enable-languages=c,c++,objc,obj-c++,java,fortran,ada --enable-java-awt=gtk --disable-dssi --disable-plugin --with-java-home=/usr/lib/jvm/java-1.4.2-gcj-1.4.2.0/jre --with-cpu=generic --host=x86_64-redhat-linux
Thread model: posix
gcc version 4.1.2 20080704 (Red Hat 4.1.2-50)
configure:5039: $? = 0
configure:5041: /usr/local/bin/g++ -V </dev/null >&5
g++: '-V' option must have argument
configure:5044: $? = 1
configure:5047: checking whether we are using the GNU C++ compiler
configure:5071: /usr/local/bin/g++ -c   conftest.cc >&5
configure:5077: $? = 0
configure:5081: test -z 
			 || test ! -s conftest.err
configure:5084: $? = 0
configure:5087: test -s conftest.o
configure:5090: $? = 0
configure:5103: result: yes
configure:5109: checking whether /usr/local/bin/g++ accepts -g
configure:5130: /usr/local/bin/g++ -c -g  conftest.cc >&5
configure:5136: $? = 0
configure:5140: test -z 
			 || test ! -s conftest.err
configure:5143: $? = 0
configure:5146: test -s conftest.o
configure:5149: $? = 0
configure:5160: result: yes
configure:5202: /usr/local/bin/g++ -c -g -O2  conftest.cc >&5
configure:5208: $? = 0
configure:5212: test -z 
			 || test ! -s conftest.err
configure:5215: $? = 0
configure:5218: test -s conftest.o
configure:5221: $? = 0
configure:5247: /usr/local/bin/g++ -c -g -O2  conftest.cc >&5
conftest.cc: In function 'int main()':
conftest.cc:24: error: 'exit' was not declared in this scope
configure:5253: $? = 1
configure: failed program was:
| /* confdefs.h.  */
| 
| #define PACKAGE_NAME "libltdl"
| #define PACKAGE_TARNAME "libltdl"
| #define PACKAGE_VERSION "1.2"
| #define PACKAGE_STRING "libltdl 1.2"
| #define PACKAGE_BUGREPORT "bug-libtool@gnu.org"
| #define STDC_HEADERS 1
| #define HAVE_SYS_TYPES_H 1
| #define HAVE_SYS_STAT_H 1
| #define HAVE_STDLIB_H 1
| #define HAVE_STRING_H 1
| #define HAVE_MEMORY_H 1
| #define HAVE_STRINGS_H 1
| #define HAVE_INTTYPES_H 1
| #define HAVE_STDINT_H 1
| #define HAVE_UNISTD_H 1
| #define HAVE_DLFCN_H 1
| /* end confdefs.h.  */
| 
| int
| main ()
| {
| exit (42);
|   ;
|   return 0;
| }
configure:5202: /usr/local/bin/g++ -c -g -O2  conftest.cc >&5
configure:5208: $? = 0
configure:5212: test -z 
			 || test ! -s conftest.err
configure:5215: $? = 0
configure:5218: test -s conftest.o
configure:5221: $? = 0
configure:5247: /usr/local/bin/g++ -c -g -O2  conftest.cc >&5
configure:5253: $? = 0
configure:5257: test -z 
			 || test ! -s conftest.err
configure:5260: $? = 0
configure:5263: test -s conftest.o
configure:5266: $? = 0
configure:5291: checking dependency style of /usr/local/bin/g++
configure:5381: result: none
configure:5408: checking how to run the C++ preprocessor
configure:5439: /usr/local/bin/g++ -E  conftest.cc
configure:5445: $? = 0
configure:5477: /usr/local/bin/g++ -E  conftest.cc
conftest.cc:23:28: error: ac_nonexistent.h: No such file or directory
configure:5483: $? = 1
configure: failed program was:
| /* confdefs.h.  */
| 
| #define PACKAGE_NAME "libltdl"
| #define PACKAGE_TARNAME "libltdl"
| #define PACKAGE_VERSION "1.2"
| #define PACKAGE_STRING "libltdl 1.2"
| #define PACKAGE_BUGREPORT "bug-libtool@gnu.org"
| #define STDC_HEADERS 1
| #define HAVE_SYS_TYPES_H 1
| #define HAVE_SYS_STAT_H 1
| #define HAVE_STDLIB_H 1
| #define HAVE_STRING_H 1
| #define HAVE_MEMORY_H 1
| #define HAVE_STRINGS_H 1
| #define HAVE_INTTYPES_H 1
| #define HAVE_STDINT_H 1
| #define HAVE_UNISTD_H 1
| #define HAVE_DLFCN_H 1
| #ifdef __cplusplus
| extern "C" void std::exit (int) throw (); using std::exit;
| #endif
| /* end confdefs.h.  */
| #include <ac_nonexistent.h>
configure:5522: result: /usr/local/bin/g++ -E
configure:5546: /usr/local/bin/g++ -E  conftest.cc
configure:5552: $? = 0
configure:5584: /usr/local/bin/g++ -E  conftest.cc
conftest.cc:23:28: error: ac_nonexistent.h: No such file or directory
configure:5590: $? = 1
configure: failed program was:
| /* confdefs.h.  */
| 
| #define PACKAGE_NAME "libltdl"
| #define PACKAGE_TARNAME "libltdl"
| #define PACKAGE_VERSION "1.2"
| #define PACKAGE_STRING "libltdl 1.2"
| #define PACKAGE_BUGREPORT "bug-libtool@gnu.org"
| #define STDC_HEADERS 1
| #define HAVE_SYS_TYPES_H 1
| #define HAVE_SYS_STAT_H 1
| #define HAVE_STDLIB_H 1
| #define HAVE_STRING_H 1
| #define HAVE_MEMORY_H 1
| #define HAVE_STRINGS_H 1
| #define HAVE_INTTYPES_H 1
| #define HAVE_STDINT_H 1
| #define HAVE_UNISTD_H 1
| #define HAVE_DLFCN_H 1
| #ifdef __cplusplus
| extern "C" void std::exit (int) throw (); using std::exit;
| #endif
| /* end confdefs.h.  */
| #include <ac_nonexistent.h>
configure:5687: checking for g77
configure:5703: found /usr/bin/g77
configure:5713: result: g77
configure:5728: checking for Fortran 77 compiler version
configure:5731: g77 --version </dev/null >&5
GNU Fortran (GCC) 3.4.6 20060404 (Red Hat 3.4.6-4.1)
Copyright (C) 2006 Free Software Foundation, Inc.

GNU Fortran comes with NO WARRANTY, to the extent permitted by law.
You may redistribute copies of GNU Fortran
under the terms of the GNU General Public License.
For more information about these matters, see the file named COPYING
or type the command `info -f g77 Copying'.
configure:5734: $? = 0
configure:5736: g77 -v </dev/null >&5
Reading specs from /usr/lib/gcc/x86_64-redhat-linux/3.4.6/specs
Configured with: ../configure --prefix=/usr --mandir=/usr/share/man --infodir=/usr/share/info --enable-shared --enable-threads=posix --disable-checking --with-system-zlib --enable-__cxa_atexit --disable-libunwind-exceptions --enable-languages=c,c++,f77 --disable-libgcj --host=x86_64-redhat-linux
Thread model: posix
gcc version 3.4.6 20060404 (Red Hat 3.4.6-4.1)
configure:5739: $? = 0
configure:5741: g77 -V </dev/null >&5
g77: `-V' option must have argument
configure:5744: $? = 1
configure:5752: checking whether we are using the GNU Fortran 77 compiler
configure:5766: g77 -c  conftest.F >&5
configure:5772: $? = 0
configure:5776: test -z 
			 || test ! -s conftest.err
configure:5779: $? = 0
configure:5782: test -s conftest.o
configure:5785: $? = 0
configure:5798: result: yes
configure:5804: checking whether g77 accepts -g
configure:5816: g77 -c -g conftest.f >&5
configure:5822: $? = 0
configure:5826: test -z 
			 || test ! -s conftest.err
configure:5829: $? = 0
configure:5832: test -s conftest.o
configure:5835: $? = 0
configure:5847: result: yes
configure:5877: checking the maximum length of command line arguments
configure:5986: result: 32768
configure:5997: checking command to parse /usr/bin/nm -B output from /usr/local/bin/gcc object
configure:6102: /usr/local/bin/gcc -c -g -O2  conftest.c >&5
configure:6105: $? = 0
configure:6109: /usr/bin/nm -B conftest.o \| sed -n -e 's/^.*[ 	]\([ABCDGIRSTW][ABCDGIRSTW]*\)[ 	][ 	]*\([_A-Za-z][_A-Za-z0-9]*\)$/\1 \2 \2/p' \> conftest.nm
configure:6112: $? = 0
configure:6164: /usr/local/bin/gcc -o conftest -g -O2   conftest.c conftstm.o >&5
configure:6167: $? = 0
configure:6205: result: ok
configure:6209: checking for objdir
configure:6224: result: .libs
configure:6314: checking for ar
configure:6330: found /usr/bin/ar
configure:6341: result: ar
configure:6394: checking for ranlib
configure:6410: found /usr/bin/ranlib
configure:6421: result: ranlib
configure:6474: checking for strip
configure:6490: found /usr/bin/strip
configure:6501: result: strip
configure:6777: checking if /usr/local/bin/gcc supports -fno-rtti -fno-exceptions
configure:6795: /usr/local/bin/gcc -c -g -O2  -fno-rtti -fno-exceptions conftest.c >&5
cc1: warning: command line option "-fno-rtti" is valid for C++/ObjC++ but not for C
configure:6799: $? = 0
configure:6812: result: no
configure:6827: checking for /usr/local/bin/gcc option to produce PIC
configure:7037: result: -fPIC
configure:7045: checking if /usr/local/bin/gcc PIC flag -fPIC works
configure:7063: /usr/local/bin/gcc -c -g -O2  -fPIC -DPIC conftest.c >&5
configure:7067: $? = 0
configure:7080: result: yes
configure:7108: checking if /usr/local/bin/gcc static flag -static works
configure:7136: result: yes
configure:7146: checking if /usr/local/bin/gcc supports -c -o file.o
configure:7167: /usr/local/bin/gcc -c -g -O2  -o out/conftest2.o conftest.c >&5
configure:7171: $? = 0
configure:7193: result: yes
configure:7219: checking whether the /usr/local/bin/gcc linker (/usr/local/bin/ld -m elf_x86_64) supports shared libraries
configure:8177: result: yes
configure:8198: checking whether -lc should be explicitly linked in
configure:8203: /usr/local/bin/gcc -c -g -O2  conftest.c >&5
configure:8206: $? = 0
configure:8221: /usr/local/bin/gcc -shared conftest.o  -v -Wl,-soname -Wl,conftest -o conftest 2\>\&1 \| grep  -lc  \>/dev/null 2\>\&1
configure:8224: $? = 0
configure:8236: result: no
configure:8244: checking dynamic linker characteristics
configure:8637: /usr/local/bin/gcc -c -g -O2  conftest.c >&5
configure:8640: $? = 0
configure:8853: result: GNU/Linux ld.so
configure:8862: checking how to hardcode library paths into programs
configure:8887: result: immediate
configure:8901: checking whether stripping libraries is possible
configure:8906: result: yes
configure:9740: checking if libtool supports shared libraries
configure:9742: result: yes
configure:9745: checking whether to build shared libraries
configure:9766: result: yes
configure:9769: checking whether to build static libraries
configure:9773: result: yes
configure:9865: creating libtool
configure:10456: checking for ld used by /usr/local/bin/g++
configure:10523: result: /usr/local/bin/ld -m elf_x86_64
configure:10532: checking if the linker (/usr/local/bin/ld -m elf_x86_64) is GNU ld
configure:10547: result: yes
configure:10598: checking whether the /usr/local/bin/g++ linker (/usr/local/bin/ld -m elf_x86_64) supports shared libraries
configure:11536: result: yes
configure:11558: /usr/local/bin/g++ -c -g -O2  conftest.cpp >&5
configure:11561: $? = 0
configure:11680: checking for /usr/local/bin/g++ option to produce PIC
configure:11954: result: -fPIC
configure:11962: checking if /usr/local/bin/g++ PIC flag -fPIC works
configure:11980: /usr/local/bin/g++ -c -g -O2  -fPIC -DPIC conftest.cpp >&5
configure:11984: $? = 0
configure:11997: result: yes
configure:12025: checking if /usr/local/bin/g++ static flag -static works
configure:12053: result: yes
configure:12063: checking if /usr/local/bin/g++ supports -c -o file.o
configure:12084: /usr/local/bin/g++ -c -g -O2  -o out/conftest2.o conftest.cpp >&5
configure:12088: $? = 0
configure:12110: result: yes
configure:12136: checking whether the /usr/local/bin/g++ linker (/usr/local/bin/ld -m elf_x86_64) supports shared libraries
configure:12161: result: yes
configure:12228: checking dynamic linker characteristics
configure:12621: /usr/local/bin/g++ -c -g -O2  conftest.cpp >&5
configure:12624: $? = 0
configure:12837: result: GNU/Linux ld.so
configure:12846: checking how to hardcode library paths into programs
configure:12871: result: immediate
configure:13400: checking if libtool supports shared libraries
configure:13402: result: yes
configure:13405: checking whether to build shared libraries
configure:13425: result: yes
configure:13428: checking whether to build static libraries
configure:13432: result: yes
configure:13442: checking for g77 option to produce PIC
configure:13652: result: -fPIC
configure:13660: checking if g77 PIC flag -fPIC works
configure:13678: g77 -c -g -O2 -fPIC conftest.f >&5
configure:13682: $? = 0
configure:13695: result: yes
configure:13723: checking if g77 static flag -static works
configure:13751: result: yes
configure:13761: checking if g77 supports -c -o file.o
configure:13782: g77 -c -g -O2 -o out/conftest2.o conftest.f >&5
configure:13786: $? = 0
configure:13808: result: yes
configure:13834: checking whether the g77 linker (/usr/local/bin/ld -m elf_x86_64) supports shared libraries
configure:14772: result: yes
configure:14839: checking dynamic linker characteristics
configure:15232: g77 -c -g -O2 conftest.f >&5
configure:15235: $? = 0
configure:15448: result: GNU/Linux ld.so
configure:15457: checking how to hardcode library paths into programs
configure:15482: result: immediate
configure:19089: checking for dirent.h that defines DIR
configure:19113: /usr/local/bin/gcc -c -g -O2  conftest.c >&5
configure:19119: $? = 0
configure:19123: test -z 
			 || test ! -s conftest.err
configure:19126: $? = 0
configure:19129: test -s conftest.o
configure:19132: $? = 0
configure:19143: result: yes
configure:19156: checking for library containing opendir
configure:19186: /usr/local/bin/gcc -o conftest -g -O2   conftest.c  >&5
configure:19192: $? = 0
configure:19196: test -z 
			 || test ! -s conftest.err
configure:19199: $? = 0
configure:19202: test -s conftest
configure:19205: $? = 0
configure:19275: result: none required
configure:19439: checking which extension is used for loadable modules
configure:19449: result: .so
configure:19460: checking which variable specifies run-time library path
configure:19467: result: LD_LIBRARY_PATH
configure:19478: checking for the default library search path
configure:19485: result: /lib64 /usr/lib64 /usr/nvidia/lib /usr/nvidia/lib64 /usr/lib64/R/lib /usr/lib64/atlas /usr/lib64/atlas /usr/lib64/ldapotp /usr/lib64/mysql /usr/lib64/qt-3.3/lib /usr/lib64/xulrunner-1.9.2 
configure:19503: checking for objdir
configure:19524: result: .libs
configure:19533: checking whether libtool supports -dlopen/-dlpreopen
configure:19545: result: yes
configure:19564: checking for shl_load
configure:19621: /usr/local/bin/gcc -o conftest -g -O2   conftest.c  >&5
/var/tmp/bronevet/ccKHiTKl.o: In function `main':
/g/g15/bronevet/Compilers/ROSE/compile/libltdl/conftest.c:68: undefined reference to `shl_load'
/var/tmp/bronevet/ccKHiTKl.o:(.data+0x0): undefined reference to `shl_load'
collect2: ld returned 1 exit status
configure:19627: $? = 1
configure: failed program was:
| /* confdefs.h.  */
| 
| #define PACKAGE_NAME "libltdl"
| #define PACKAGE_TARNAME "libltdl"
| #define PACKAGE_VERSION "1.2"
| #define PACKAGE_STRING "libltdl 1.2"
| #define PACKAGE_BUGREPORT "bug-libtool@gnu.org"
| #define STDC_HEADERS 1
| #define HAVE_SYS_TYPES_H 1
| #define HAVE_SYS_STAT_H 1
| #define HAVE_STDLIB_H 1
| #define HAVE_STRING_H 1
| #define HAVE_MEMORY_H 1
| #define HAVE_STRINGS_H 1
| #define HAVE_INTTYPES_H 1
| #define HAVE_STDINT_H 1
| #define HAVE_UNISTD_H 1
| #define HAVE_DLFCN_H 1
| #ifdef __cplusplus
| extern "C" void std::exit (int) throw (); using std::exit;
| #endif
| #define HAVE_DIRENT_H 1
| #define LTDL_SHLIB_EXT ".so"
| #define LTDL_SHLIBPATH_VAR "LD_LIBRARY_PATH"
| #define LTDL_SYSSEARCHPATH "/lib64:/usr/lib64:/usr/nvidia/lib:/usr/nvidia/lib64:/usr/lib64/R/lib:/usr/lib64/atlas:/usr/lib64/atlas:/usr/lib64/ldapotp:/usr/lib64/mysql:/usr/lib64/qt-3.3/lib:/usr/lib64/xulrunner-1.9.2"
| #define LTDL_OBJDIR ".libs/"
| #define HAVE_PRELOADED_SYMBOLS 1
| /* end confdefs.h.  */
| /* Define shl_load to an innocuous variant, in case <limits.h> declares shl_load.
|    For example, HP-UX 11i <limits.h> declares gettimeofday.  */
| #define shl_load innocuous_shl_load
| 
| /* System header to define __stub macros and hopefully few prototypes,
|     which can conflict with char shl_load (); below.
|     Prefer <limits.h> to <assert.h> if __STDC__ is defined, since
|     <limits.h> exists even on freestanding compilers.  */
| 
| #ifdef __STDC__
| # include <limits.h>
| #else
| # include <assert.h>
| #endif
| 
| #undef shl_load
| 
| /* Override any gcc2 internal prototype to avoid an error.  */
| #ifdef __cplusplus
| extern "C"
| {
| #endif
| /* We use char because int might match the return type of a gcc2
|    builtin and then its argument prototype would still apply.  */
| char shl_load ();
| /* The GNU C library defines this for functions which it implements
|     to always fail with ENOSYS.  Some functions are actually named
|     something starting with __ and the normal name is an alias.  */
| #if defined (__stub_shl_load) || defined (__stub___shl_load)
| choke me
| #else
| char (*f) () = shl_load;
| #endif
| #ifdef __cplusplus
| }
| #endif
| 
| int
| main ()
| {
| return f != shl_load;
|   ;
|   return 0;
| }
configure:19652: result: no
configure:19661: checking for shl_load in -ldld
configure:19691: /usr/local/bin/gcc -o conftest -g -O2   conftest.c -ldld   >&5
/usr/bin/ld: cannot find -ldld
collect2: ld returned 1 exit status
configure:19697: $? = 1
configure: failed program was:
| /* confdefs.h.  */
| 
| #define PACKAGE_NAME "libltdl"
| #define PACKAGE_TARNAME "libltdl"
| #define PACKAGE_VERSION "1.2"
| #define PACKAGE_STRING "libltdl 1.2"
| #define PACKAGE_BUGREPORT "bug-libtool@gnu.org"
| #define STDC_HEADERS 1
| #define HAVE_SYS_TYPES_H 1
| #define HAVE_SYS_STAT_H 1
| #define HAVE_STDLIB_H 1
| #define HAVE_STRING_H 1
| #define HAVE_MEMORY_H 1
| #define HAVE_STRINGS_H 1
| #define HAVE_INTTYPES_H 1
| #define HAVE_STDINT_H 1
| #define HAVE_UNISTD_H 1
| #define HAVE_DLFCN_H 1
| #ifdef __cplusplus
| extern "C" void std::exit (int) throw (); using std::exit;
| #endif
| #define HAVE_DIRENT_H 1
| #define LTDL_SHLIB_EXT ".so"
| #define LTDL_SHLIBPATH_VAR "LD_LIBRARY_PATH"
| #define LTDL_SYSSEARCHPATH "/lib64:/usr/lib64:/usr/nvidia/lib:/usr/nvidia/lib64:/usr/lib64/R/lib:/usr/lib64/atlas:/usr/lib64/atlas:/usr/lib64/ldapotp:/usr/lib64/mysql:/usr/lib64/qt-3.3/lib:/usr/lib64/xulrunner-1.9.2"
| #define LTDL_OBJDIR ".libs/"
| #define HAVE_PRELOADED_SYMBOLS 1
| /* end confdefs.h.  */
| 
| /* Override any gcc2 internal prototype to avoid an error.  */
| #ifdef __cplusplus
| extern "C"
| #endif
| /* We use char because int might match the return type of a gcc2
|    builtin and then its argument prototype would still apply.  */
| char shl_load ();
| int
| main ()
| {
| shl_load ();
|   ;
|   return 0;
| }
configure:19723: result: no
configure:19733: checking for dlopen in -ldl
configure:19763: /usr/local/bin/gcc -o conftest -g -O2   conftest.c -ldl   >&5
configure:19769: $? = 0
configure:19773: test -z 
			 || test ! -s conftest.err
configure:19776: $? = 0
configure:19779: test -s conftest
configure:19782: $? = 0
configure:19795: result: yes
configure:20124: checking for dlerror
configure:20181: /usr/local/bin/gcc -o conftest -g -O2   conftest.c  -ldl >&5
configure:20187: $? = 0
configure:20191: test -z 
			 || test ! -s conftest.err
configure:20194: $? = 0
configure:20197: test -s conftest
configure:20200: $? = 0
configure:20212: result: yes
configure:20232: checking for _ prefix in compiled symbols
configure:20242: /usr/local/bin/gcc -c -g -O2  conftest.c >&5
configure:20245: $? = 0
configure:20249: /usr/bin/nm -B conftest.o \| sed -n -e 's/^.*[ 	]\([ABCDGIRSTW][ABCDGIRSTW]*\)[ 	][ 	]*\([_A-Za-z][_A-Za-z0-9]*\)$/\1 \2 \2/p' \> conftest.nm
configure:20252: $? = 0
configure:20274: result: no
configure:20394: checking whether deplibs are loaded by dlopen
configure:20475: result: yes
configure:20499: checking argz.h usability
configure:20511: /usr/local/bin/gcc -c -g -O2  conftest.c >&5
configure:20517: $? = 0
configure:20521: test -z 
			 || test ! -s conftest.err
configure:20524: $? = 0
configure:20527: test -s conftest.o
configure:20530: $? = 0
configure:20540: result: yes
configure:20544: checking argz.h presence
configure:20554: /usr/local/bin/gcc -E  conftest.c
configure:20560: $? = 0
configure:20580: result: yes
configure:20615: checking for argz.h
configure:20622: result: yes
configure:20636: checking for error_t
configure:20663: /usr/local/bin/gcc -c -g -O2  conftest.c >&5
configure:20669: $? = 0
configure:20673: test -z 
			 || test ! -s conftest.err
configure:20676: $? = 0
configure:20679: test -s conftest.o
configure:20682: $? = 0
configure:20693: result: yes
configure:20719: checking for argz_append
configure:20776: /usr/local/bin/gcc -o conftest -g -O2   conftest.c  >&5
configure:20782: $? = 0
configure:20786: test -z 
			 || test ! -s conftest.err
configure:20789: $? = 0
configure:20792: test -s conftest
configure:20795: $? = 0
configure:20807: result: yes
configure:20719: checking for argz_create_sep
configure:20776: /usr/local/bin/gcc -o conftest -g -O2   conftest.c  >&5
configure:20782: $? = 0
configure:20786: test -z 
			 || test ! -s conftest.err
configure:20789: $? = 0
configure:20792: test -s conftest
configure:20795: $? = 0
configure:20807: result: yes
configure:20719: checking for argz_insert
configure:20776: /usr/local/bin/gcc -o conftest -g -O2   conftest.c  >&5
configure:20782: $? = 0
configure:20786: test -z 
			 || test ! -s conftest.err
configure:20789: $? = 0
configure:20792: test -s conftest
configure:20795: $? = 0
configure:20807: result: yes
configure:20719: checking for argz_next
configure:20776: /usr/local/bin/gcc -o conftest -g -O2   conftest.c  >&5
configure:20782: $? = 0
configure:20786: test -z 
			 || test ! -s conftest.err
configure:20789: $? = 0
configure:20792: test -s conftest
configure:20795: $? = 0
configure:20807: result: yes
configure:20719: checking for argz_stringify
configure:20776: /usr/local/bin/gcc -o conftest -g -O2   conftest.c  >&5
configure:20782: $? = 0
configure:20786: test -z 
			 || test ! -s conftest.err
configure:20789: $? = 0
configure:20792: test -s conftest
configure:20795: $? = 0
configure:20807: result: yes
configure:20858: checking assert.h usability
configure:20870: /usr/local/bin/gcc -c -g -O2  conftest.c >&5
configure:20876: $? = 0
configure:20880: test -z 
			 || test ! -s conftest.err
configure:20883: $? = 0
configure:20886: test -s conftest.o
configure:20889: $? = 0
configure:20899: result: yes
configure:20903: checking assert.h presence
configure:20913: /usr/local/bin/gcc -E  conftest.c
configure:20919: $? = 0
configure:20939: result: yes
configure:20974: checking for assert.h
configure:20981: result: yes
configure:20858: checking ctype.h usability
configure:20870: /usr/local/bin/gcc -c -g -O2  conftest.c >&5
configure:20876: $? = 0
configure:20880: test -z 
			 || test ! -s conftest.err
configure:20883: $? = 0
configure:20886: test -s conftest.o
configure:20889: $? = 0
configure:20899: result: yes
configure:20903: checking ctype.h presence
configure:20913: /usr/local/bin/gcc -E  conftest.c
configure:20919: $? = 0
configure:20939: result: yes
configure:20974: checking for ctype.h
configure:20981: result: yes
configure:20858: checking errno.h usability
configure:20870: /usr/local/bin/gcc -c -g -O2  conftest.c >&5
configure:20876: $? = 0
configure:20880: test -z 
			 || test ! -s conftest.err
configure:20883: $? = 0
configure:20886: test -s conftest.o
configure:20889: $? = 0
configure:20899: result: yes
configure:20903: checking errno.h presence
configure:20913: /usr/local/bin/gcc -E  conftest.c
configure:20919: $? = 0
configure:20939: result: yes
configure:20974: checking for errno.h
configure:20981: result: yes
configure:20858: checking malloc.h usability
configure:20870: /usr/local/bin/gcc -c -g -O2  conftest.c >&5
configure:20876: $? = 0
configure:20880: test -z 
			 || test ! -s conftest.err
configure:20883: $? = 0
configure:20886: test -s conftest.o
configure:20889: $? = 0
configure:20899: result: yes
configure:20903: checking malloc.h presence
configure:20913: /usr/local/bin/gcc -E  conftest.c
configure:20919: $? = 0
configure:20939: result: yes
configure:20974: checking for malloc.h
configure:20981: result: yes
configure:20849: checking for memory.h
configure:20854: result: yes
configure:20849: checking for stdlib.h
configure:20854: result: yes
configure:20858: checking stdio.h usability
configure:20870: /usr/local/bin/gcc -c -g -O2  conftest.c >&5
configure:20876: $? = 0
configure:20880: test -z 
			 || test ! -s conftest.err
configure:20883: $? = 0
configure:20886: test -s conftest.o
configure:20889: $? = 0
configure:20899: result: yes
configure:20903: checking stdio.h presence
configure:20913: /usr/local/bin/gcc -E  conftest.c
configure:20919: $? = 0
configure:20939: result: yes
configure:20974: checking for stdio.h
configure:20981: result: yes
configure:20849: checking for unistd.h
configure:20854: result: yes
configure:21011: checking dl.h usability
configure:21023: /usr/local/bin/gcc -c -g -O2  conftest.c >&5
conftest.c:80:16: error: dl.h: No such file or directory
configure:21029: $? = 1
configure: failed program was:
| /* confdefs.h.  */
| 
| #define PACKAGE_NAME "libltdl"
| #define PACKAGE_TARNAME "libltdl"
| #define PACKAGE_VERSION "1.2"
| #define PACKAGE_STRING "libltdl 1.2"
| #define PACKAGE_BUGREPORT "bug-libtool@gnu.org"
| #define STDC_HEADERS 1
| #define HAVE_SYS_TYPES_H 1
| #define HAVE_SYS_STAT_H 1
| #define HAVE_STDLIB_H 1
| #define HAVE_STRING_H 1
| #define HAVE_MEMORY_H 1
| #define HAVE_STRINGS_H 1
| #define HAVE_INTTYPES_H 1
| #define HAVE_STDINT_H 1
| #define HAVE_UNISTD_H 1
| #define HAVE_DLFCN_H 1
| #ifdef __cplusplus
| extern "C" void std::exit (int) throw (); using std::exit;
| #endif
| #define HAVE_DIRENT_H 1
| #define LTDL_SHLIB_EXT ".so"
| #define LTDL_SHLIBPATH_VAR "LD_LIBRARY_PATH"
| #define LTDL_SYSSEARCHPATH "/lib64:/usr/lib64:/usr/nvidia/lib:/usr/nvidia/lib64:/usr/lib64/R/lib:/usr/lib64/atlas:/usr/lib64/atlas:/usr/lib64/ldapotp:/usr/lib64/mysql:/usr/lib64/qt-3.3/lib:/usr/lib64/xulrunner-1.9.2"
| #define LTDL_OBJDIR ".libs/"
| #define HAVE_PRELOADED_SYMBOLS 1
| #define HAVE_LIBDL 1
| #define HAVE_DLERROR 1
| #define HAVE_ARGZ_H 1
| #define HAVE_ERROR_T 1
| #define HAVE_ARGZ_APPEND 1
| #define HAVE_ARGZ_CREATE_SEP 1
| #define HAVE_ARGZ_INSERT 1
| #define HAVE_ARGZ_NEXT 1
| #define HAVE_ARGZ_STRINGIFY 1
| #define HAVE_ASSERT_H 1
| #define HAVE_CTYPE_H 1
| #define HAVE_ERRNO_H 1
| #define HAVE_MALLOC_H 1
| #define HAVE_MEMORY_H 1
| #define HAVE_STDLIB_H 1
| #define HAVE_STDIO_H 1
| #define HAVE_UNISTD_H 1
| /* end confdefs.h.  */
| #include <stdio.h>
| #if HAVE_SYS_TYPES_H
| # include <sys/types.h>
| #endif
| #if HAVE_SYS_STAT_H
| # include <sys/stat.h>
| #endif
| #if STDC_HEADERS
| # include <stdlib.h>
| # include <stddef.h>
| #else
| # if HAVE_STDLIB_H
| #  include <stdlib.h>
| # endif
| #endif
| #if HAVE_STRING_H
| # if !STDC_HEADERS && HAVE_MEMORY_H
| #  include <memory.h>
| # endif
| # include <string.h>
| #endif
| #if HAVE_STRINGS_H
| # include <strings.h>
| #endif
| #if HAVE_INTTYPES_H
| # include <inttypes.h>
| #else
| # if HAVE_STDINT_H
| #  include <stdint.h>
| # endif
| #endif
| #if HAVE_UNISTD_H
| # include <unistd.h>
| #endif
| #include <dl.h>
configure:21052: result: no
configure:21056: checking dl.h presence
configure:21066: /usr/local/bin/gcc -E  conftest.c
conftest.c:46:16: error: dl.h: No such file or directory
configure:21072: $? = 1
configure: failed program was:
| /* confdefs.h.  */
| 
| #define PACKAGE_NAME "libltdl"
| #define PACKAGE_TARNAME "libltdl"
| #define PACKAGE_VERSION "1.2"
| #define PACKAGE_STRING "libltdl 1.2"
| #define PACKAGE_BUGREPORT "bug-libtool@gnu.org"
| #define STDC_HEADERS 1
| #define HAVE_SYS_TYPES_H 1
| #define HAVE_SYS_STAT_H 1
| #define HAVE_STDLIB_H 1
| #define HAVE_STRING_H 1
| #define HAVE_MEMORY_H 1
| #define HAVE_STRINGS_H 1
| #define HAVE_INTTYPES_H 1
| #define HAVE_STDINT_H 1
| #define HAVE_UNISTD_H 1
| #define HAVE_DLFCN_H 1
| #ifdef __cplusplus
| extern "C" void std::exit (int) throw (); using std::exit;
| #endif
| #define HAVE_DIRENT_H 1
| #define LTDL_SHLIB_EXT ".so"
| #define LTDL_SHLIBPATH_VAR "LD_LIBRARY_PATH"
| #define LTDL_SYSSEARCHPATH "/lib64:/usr/lib64:/usr/nvidia/lib:/usr/nvidia/lib64:/usr/lib64/R/lib:/usr/lib64/atlas:/usr/lib64/atlas:/usr/lib64/ldapotp:/usr/lib64/mysql:/usr/lib64/qt-3.3/lib:/usr/lib64/xulrunner-1.9.2"
| #define LTDL_OBJDIR ".libs/"
| #define HAVE_PRELOADED_SYMBOLS 1
| #define HAVE_LIBDL 1
| #define HAVE_DLERROR 1
| #define HAVE_ARGZ_H 1
| #define HAVE_ERROR_T 1
| #define HAVE_ARGZ_APPEND 1
| #define HAVE_ARGZ_CREATE_SEP 1
| #define HAVE_ARGZ_INSERT 1
| #define HAVE_ARGZ_NEXT 1
| #define HAVE_ARGZ_STRINGIFY 1
| #define HAVE_ASSERT_H 1
| #define HAVE_CTYPE_H 1
| #define HAVE_ERRNO_H 1
| #define HAVE_MALLOC_H 1
| #define HAVE_MEMORY_H 1
| #define HAVE_STDLIB_H 1
| #define HAVE_STDIO_H 1
| #define HAVE_UNISTD_H 1
| /* end confdefs.h.  */
| #include <dl.h>
configure:21092: result: no
configure:21127: checking for dl.h
configure:21134: result: no
configure:21011: checking sys/dl.h usability
configure:21023: /usr/local/bin/gcc -c -g -O2  conftest.c >&5
conftest.c:80:20: error: sys/dl.h: No such file or directory
configure:21029: $? = 1
configure: failed program was:
| /* confdefs.h.  */
| 
| #define PACKAGE_NAME "libltdl"
| #define PACKAGE_TARNAME "libltdl"
| #define PACKAGE_VERSION "1.2"
| #define PACKAGE_STRING "libltdl 1.2"
| #define PACKAGE_BUGREPORT "bug-libtool@gnu.org"
| #define STDC_HEADERS 1
| #define HAVE_SYS_TYPES_H 1
| #define HAVE_SYS_STAT_H 1
| #define HAVE_STDLIB_H 1
| #define HAVE_STRING_H 1
| #define HAVE_MEMORY_H 1
| #define HAVE_STRINGS_H 1
| #define HAVE_INTTYPES_H 1
| #define HAVE_STDINT_H 1
| #define HAVE_UNISTD_H 1
| #define HAVE_DLFCN_H 1
| #ifdef __cplusplus
| extern "C" void std::exit (int) throw (); using std::exit;
| #endif
| #define HAVE_DIRENT_H 1
| #define LTDL_SHLIB_EXT ".so"
| #define LTDL_SHLIBPATH_VAR "LD_LIBRARY_PATH"
| #define LTDL_SYSSEARCHPATH "/lib64:/usr/lib64:/usr/nvidia/lib:/usr/nvidia/lib64:/usr/lib64/R/lib:/usr/lib64/atlas:/usr/lib64/atlas:/usr/lib64/ldapotp:/usr/lib64/mysql:/usr/lib64/qt-3.3/lib:/usr/lib64/xulrunner-1.9.2"
| #define LTDL_OBJDIR ".libs/"
| #define HAVE_PRELOADED_SYMBOLS 1
| #define HAVE_LIBDL 1
| #define HAVE_DLERROR 1
| #define HAVE_ARGZ_H 1
| #define HAVE_ERROR_T 1
| #define HAVE_ARGZ_APPEND 1
| #define HAVE_ARGZ_CREATE_SEP 1
| #define HAVE_ARGZ_INSERT 1
| #define HAVE_ARGZ_NEXT 1
| #define HAVE_ARGZ_STRINGIFY 1
| #define HAVE_ASSERT_H 1
| #define HAVE_CTYPE_H 1
| #define HAVE_ERRNO_H 1
| #define HAVE_MALLOC_H 1
| #define HAVE_MEMORY_H 1
| #define HAVE_STDLIB_H 1
| #define HAVE_STDIO_H 1
| #define HAVE_UNISTD_H 1
| /* end confdefs.h.  */
| #include <stdio.h>
| #if HAVE_SYS_TYPES_H
| # include <sys/types.h>
| #endif
| #if HAVE_SYS_STAT_H
| # include <sys/stat.h>
| #endif
| #if STDC_HEADERS
| # include <stdlib.h>
| # include <stddef.h>
| #else
| # if HAVE_STDLIB_H
| #  include <stdlib.h>
| # endif
| #endif
| #if HAVE_STRING_H
| # if !STDC_HEADERS && HAVE_MEMORY_H
| #  include <memory.h>
| # endif
| # include <string.h>
| #endif
| #if HAVE_STRINGS_H
| # include <strings.h>
| #endif
| #if HAVE_INTTYPES_H
| # include <inttypes.h>
| #else
| # if HAVE_STDINT_H
| #  include <stdint.h>
| # endif
| #endif
| #if HAVE_UNISTD_H
| # include <unistd.h>
| #endif
| #include <sys/dl.h>
configure:21052: result: no
configure:21056: checking sys/dl.h presence
configure:21066: /usr/local/bin/gcc -E  conftest.c
conftest.c:46:20: error: sys/dl.h: No such file or directory
configure:21072: $? = 1
configure: failed program was:
| /* confdefs.h.  */
| 
| #define PACKAGE_NAME "libltdl"
| #define PACKAGE_TARNAME "libltdl"
| #define PACKAGE_VERSION "1.2"
| #define PACKAGE_STRING "libltdl 1.2"
| #define PACKAGE_BUGREPORT "bug-libtool@gnu.org"
| #define STDC_HEADERS 1
| #define HAVE_SYS_TYPES_H 1
| #define HAVE_SYS_STAT_H 1
| #define HAVE_STDLIB_H 1
| #define HAVE_STRING_H 1
| #define HAVE_MEMORY_H 1
| #define HAVE_STRINGS_H 1
| #define HAVE_INTTYPES_H 1
| #define HAVE_STDINT_H 1
| #define HAVE_UNISTD_H 1
| #define HAVE_DLFCN_H 1
| #ifdef __cplusplus
| extern "C" void std::exit (int) throw (); using std::exit;
| #endif
| #define HAVE_DIRENT_H 1
| #define LTDL_SHLIB_EXT ".so"
| #define LTDL_SHLIBPATH_VAR "LD_LIBRARY_PATH"
| #define LTDL_SYSSEARCHPATH "/lib64:/usr/lib64:/usr/nvidia/lib:/usr/nvidia/lib64:/usr/lib64/R/lib:/usr/lib64/atlas:/usr/lib64/atlas:/usr/lib64/ldapotp:/usr/lib64/mysql:/usr/lib64/qt-3.3/lib:/usr/lib64/xulrunner-1.9.2"
| #define LTDL_OBJDIR ".libs/"
| #define HAVE_PRELOADED_SYMBOLS 1
| #define HAVE_LIBDL 1
| #define HAVE_DLERROR 1
| #define HAVE_ARGZ_H 1
| #define HAVE_ERROR_T 1
| #define HAVE_ARGZ_APPEND 1
| #define HAVE_ARGZ_CREATE_SEP 1
| #define HAVE_ARGZ_INSERT 1
| #define HAVE_ARGZ_NEXT 1
| #define HAVE_ARGZ_STRINGIFY 1
| #define HAVE_ASSERT_H 1
| #define HAVE_CTYPE_H 1
| #define HAVE_ERRNO_H 1
| #define HAVE_MALLOC_H 1
| #define HAVE_MEMORY_H 1
| #define HAVE_STDLIB_H 1
| #define HAVE_STDIO_H 1
| #define HAVE_UNISTD_H 1
| /* end confdefs.h.  */
| #include <sys/dl.h>
configure:21092: result: no
configure:21127: checking for sys/dl.h
configure:21134: result: no
configure:21011: checking dld.h usability
configure:21023: /usr/local/bin/gcc -c -g -O2  conftest.c >&5
conftest.c:80:17: error: dld.h: No such file or directory
configure:21029: $? = 1
configure: failed program was:
| /* confdefs.h.  */
| 
| #define PACKAGE_NAME "libltdl"
| #define PACKAGE_TARNAME "libltdl"
| #define PACKAGE_VERSION "1.2"
| #define PACKAGE_STRING "libltdl 1.2"
| #define PACKAGE_BUGREPORT "bug-libtool@gnu.org"
| #define STDC_HEADERS 1
| #define HAVE_SYS_TYPES_H 1
| #define HAVE_SYS_STAT_H 1
| #define HAVE_STDLIB_H 1
| #define HAVE_STRING_H 1
| #define HAVE_MEMORY_H 1
| #define HAVE_STRINGS_H 1
| #define HAVE_INTTYPES_H 1
| #define HAVE_STDINT_H 1
| #define HAVE_UNISTD_H 1
| #define HAVE_DLFCN_H 1
| #ifdef __cplusplus
| extern "C" void std::exit (int) throw (); using std::exit;
| #endif
| #define HAVE_DIRENT_H 1
| #define LTDL_SHLIB_EXT ".so"
| #define LTDL_SHLIBPATH_VAR "LD_LIBRARY_PATH"
| #define LTDL_SYSSEARCHPATH "/lib64:/usr/lib64:/usr/nvidia/lib:/usr/nvidia/lib64:/usr/lib64/R/lib:/usr/lib64/atlas:/usr/lib64/atlas:/usr/lib64/ldapotp:/usr/lib64/mysql:/usr/lib64/qt-3.3/lib:/usr/lib64/xulrunner-1.9.2"
| #define LTDL_OBJDIR ".libs/"
| #define HAVE_PRELOADED_SYMBOLS 1
| #define HAVE_LIBDL 1
| #define HAVE_DLERROR 1
| #define HAVE_ARGZ_H 1
| #define HAVE_ERROR_T 1
| #define HAVE_ARGZ_APPEND 1
| #define HAVE_ARGZ_CREATE_SEP 1
| #define HAVE_ARGZ_INSERT 1
| #define HAVE_ARGZ_NEXT 1
| #define HAVE_ARGZ_STRINGIFY 1
| #define HAVE_ASSERT_H 1
| #define HAVE_CTYPE_H 1
| #define HAVE_ERRNO_H 1
| #define HAVE_MALLOC_H 1
| #define HAVE_MEMORY_H 1
| #define HAVE_STDLIB_H 1
| #define HAVE_STDIO_H 1
| #define HAVE_UNISTD_H 1
| /* end confdefs.h.  */
| #include <stdio.h>
| #if HAVE_SYS_TYPES_H
| # include <sys/types.h>
| #endif
| #if HAVE_SYS_STAT_H
| # include <sys/stat.h>
| #endif
| #if STDC_HEADERS
| # include <stdlib.h>
| # include <stddef.h>
| #else
| # if HAVE_STDLIB_H
| #  include <stdlib.h>
| # endif
| #endif
| #if HAVE_STRING_H
| # if !STDC_HEADERS && HAVE_MEMORY_H
| #  include <memory.h>
| # endif
| # include <string.h>
| #endif
| #if HAVE_STRINGS_H
| # include <strings.h>
| #endif
| #if HAVE_INTTYPES_H
| # include <inttypes.h>
| #else
| # if HAVE_STDINT_H
| #  include <stdint.h>
| # endif
| #endif
| #if HAVE_UNISTD_H
| # include <unistd.h>
| #endif
| #include <dld.h>
configure:21052: result: no
configure:21056: checking dld.h presence
configure:21066: /usr/local/bin/gcc -E  conftest.c
conftest.c:46:17: error: dld.h: No such file or directory
configure:21072: $? = 1
configure: failed program was:
| /* confdefs.h.  */
| 
| #define PACKAGE_NAME "libltdl"
| #define PACKAGE_TARNAME "libltdl"
| #define PACKAGE_VERSION "1.2"
| #define PACKAGE_STRING "libltdl 1.2"
| #define PACKAGE_BUGREPORT "bug-libtool@gnu.org"
| #define STDC_HEADERS 1
| #define HAVE_SYS_TYPES_H 1
| #define HAVE_SYS_STAT_H 1
| #define HAVE_STDLIB_H 1
| #define HAVE_STRING_H 1
| #define HAVE_MEMORY_H 1
| #define HAVE_STRINGS_H 1
| #define HAVE_INTTYPES_H 1
| #define HAVE_STDINT_H 1
| #define HAVE_UNISTD_H 1
| #define HAVE_DLFCN_H 1
| #ifdef __cplusplus
| extern "C" void std::exit (int) throw (); using std::exit;
| #endif
| #define HAVE_DIRENT_H 1
| #define LTDL_SHLIB_EXT ".so"
| #define LTDL_SHLIBPATH_VAR "LD_LIBRARY_PATH"
| #define LTDL_SYSSEARCHPATH "/lib64:/usr/lib64:/usr/nvidia/lib:/usr/nvidia/lib64:/usr/lib64/R/lib:/usr/lib64/atlas:/usr/lib64/atlas:/usr/lib64/ldapotp:/usr/lib64/mysql:/usr/lib64/qt-3.3/lib:/usr/lib64/xulrunner-1.9.2"
| #define LTDL_OBJDIR ".libs/"
| #define HAVE_PRELOADED_SYMBOLS 1
| #define HAVE_LIBDL 1
| #define HAVE_DLERROR 1
| #define HAVE_ARGZ_H 1
| #define HAVE_ERROR_T 1
| #define HAVE_ARGZ_APPEND 1
| #define HAVE_ARGZ_CREATE_SEP 1
| #define HAVE_ARGZ_INSERT 1
| #define HAVE_ARGZ_NEXT 1
| #define HAVE_ARGZ_STRINGIFY 1
| #define HAVE_ASSERT_H 1
| #define HAVE_CTYPE_H 1
| #define HAVE_ERRNO_H 1
| #define HAVE_MALLOC_H 1
| #define HAVE_MEMORY_H 1
| #define HAVE_STDLIB_H 1
| #define HAVE_STDIO_H 1
| #define HAVE_UNISTD_H 1
| /* end confdefs.h.  */
| #include <dld.h>
configure:21092: result: no
configure:21127: checking for dld.h
configure:21134: result: no
configure:21011: checking mach-o/dyld.h usability
configure:21023: /usr/local/bin/gcc -c -g -O2  conftest.c >&5
conftest.c:80:25: error: mach-o/dyld.h: No such file or directory
configure:21029: $? = 1
configure: failed program was:
| /* confdefs.h.  */
| 
| #define PACKAGE_NAME "libltdl"
| #define PACKAGE_TARNAME "libltdl"
| #define PACKAGE_VERSION "1.2"
| #define PACKAGE_STRING "libltdl 1.2"
| #define PACKAGE_BUGREPORT "bug-libtool@gnu.org"
| #define STDC_HEADERS 1
| #define HAVE_SYS_TYPES_H 1
| #define HAVE_SYS_STAT_H 1
| #define HAVE_STDLIB_H 1
| #define HAVE_STRING_H 1
| #define HAVE_MEMORY_H 1
| #define HAVE_STRINGS_H 1
| #define HAVE_INTTYPES_H 1
| #define HAVE_STDINT_H 1
| #define HAVE_UNISTD_H 1
| #define HAVE_DLFCN_H 1
| #ifdef __cplusplus
| extern "C" void std::exit (int) throw (); using std::exit;
| #endif
| #define HAVE_DIRENT_H 1
| #define LTDL_SHLIB_EXT ".so"
| #define LTDL_SHLIBPATH_VAR "LD_LIBRARY_PATH"
| #define LTDL_SYSSEARCHPATH "/lib64:/usr/lib64:/usr/nvidia/lib:/usr/nvidia/lib64:/usr/lib64/R/lib:/usr/lib64/atlas:/usr/lib64/atlas:/usr/lib64/ldapotp:/usr/lib64/mysql:/usr/lib64/qt-3.3/lib:/usr/lib64/xulrunner-1.9.2"
| #define LTDL_OBJDIR ".libs/"
| #define HAVE_PRELOADED_SYMBOLS 1
| #define HAVE_LIBDL 1
| #define HAVE_DLERROR 1
| #define HAVE_ARGZ_H 1
| #define HAVE_ERROR_T 1
| #define HAVE_ARGZ_APPEND 1
| #define HAVE_ARGZ_CREATE_SEP 1
| #define HAVE_ARGZ_INSERT 1
| #define HAVE_ARGZ_NEXT 1
| #define HAVE_ARGZ_STRINGIFY 1
| #define HAVE_ASSERT_H 1
| #define HAVE_CTYPE_H 1
| #define HAVE_ERRNO_H 1
| #define HAVE_MALLOC_H 1
| #define HAVE_MEMORY_H 1
| #define HAVE_STDLIB_H 1
| #define HAVE_STDIO_H 1
| #define HAVE_UNISTD_H 1
| /* end confdefs.h.  */
| #include <stdio.h>
| #if HAVE_SYS_TYPES_H
| # include <sys/types.h>
| #endif
| #if HAVE_SYS_STAT_H
| # include <sys/stat.h>
| #endif
| #if STDC_HEADERS
| # include <stdlib.h>
| # include <stddef.h>
| #else
| # if HAVE_STDLIB_H
| #  include <stdlib.h>
| # endif
| #endif
| #if HAVE_STRING_H
| # if !STDC_HEADERS && HAVE_MEMORY_H
| #  include <memory.h>
| # endif
| # include <string.h>
| #endif
| #if HAVE_STRINGS_H
| # include <strings.h>
| #endif
| #if HAVE_INTTYPES_H
| # include <inttypes.h>
| #else
| # if HAVE_STDINT_H
| #  include <stdint.h>
| # endif
| #endif
| #if HAVE_UNISTD_H
| # include <unistd.h>
| #endif
| #include <mach-o/dyld.h>
configure:21052: result: no
configure:21056: checking mach-o/dyld.h presence
configure:21066: /usr/local/bin/gcc -E  conftest.c
conftest.c:46:25: error: mach-o/dyld.h: No such file or directory
configure:21072: $? = 1
configure: failed program was:
| /* confdefs.h.  */
| 
| #define PACKAGE_NAME "libltdl"
| #define PACKAGE_TARNAME "libltdl"
| #define PACKAGE_VERSION "1.2"
| #define PACKAGE_STRING "libltdl 1.2"
| #define PACKAGE_BUGREPORT "bug-libtool@gnu.org"
| #define STDC_HEADERS 1
| #define HAVE_SYS_TYPES_H 1
| #define HAVE_SYS_STAT_H 1
| #define HAVE_STDLIB_H 1
| #define HAVE_STRING_H 1
| #define HAVE_MEMORY_H 1
| #define HAVE_STRINGS_H 1
| #define HAVE_INTTYPES_H 1
| #define HAVE_STDINT_H 1
| #define HAVE_UNISTD_H 1
| #define HAVE_DLFCN_H 1
| #ifdef __cplusplus
| extern "C" void std::exit (int) throw (); using std::exit;
| #endif
| #define HAVE_DIRENT_H 1
| #define LTDL_SHLIB_EXT ".so"
| #define LTDL_SHLIBPATH_VAR "LD_LIBRARY_PATH"
| #define LTDL_SYSSEARCHPATH "/lib64:/usr/lib64:/usr/nvidia/lib:/usr/nvidia/lib64:/usr/lib64/R/lib:/usr/lib64/atlas:/usr/lib64/atlas:/usr/lib64/ldapotp:/usr/lib64/mysql:/usr/lib64/qt-3.3/lib:/usr/lib64/xulrunner-1.9.2"
| #define LTDL_OBJDIR ".libs/"
| #define HAVE_PRELOADED_SYMBOLS 1
| #define HAVE_LIBDL 1
| #define HAVE_DLERROR 1
| #define HAVE_ARGZ_H 1
| #define HAVE_ERROR_T 1
| #define HAVE_ARGZ_APPEND 1
| #define HAVE_ARGZ_CREATE_SEP 1
| #define HAVE_ARGZ_INSERT 1
| #define HAVE_ARGZ_NEXT 1
| #define HAVE_ARGZ_STRINGIFY 1
| #define HAVE_ASSERT_H 1
| #define HAVE_CTYPE_H 1
| #define HAVE_ERRNO_H 1
| #define HAVE_MALLOC_H 1
| #define HAVE_MEMORY_H 1
| #define HAVE_STDLIB_H 1
| #define HAVE_STDIO_H 1
| #define HAVE_UNISTD_H 1
| /* end confdefs.h.  */
| #include <mach-o/dyld.h>
configure:21092: result: no
configure:21127: checking for mach-o/dyld.h
configure:21134: result: no
configure:21153: checking for string.h
configure:21158: result: yes
configure:21304: checking for strchr
configure:21361: /usr/local/bin/gcc -o conftest -g -O2   conftest.c  >&5
conftest.c:71: warning: conflicting types for built-in function 'strchr'
configure:21367: $? = 0
configure:21371: test -z 
			 || test ! -s conftest.err
configure:21374: $? = 0
configure:21377: test -s conftest
configure:21380: $? = 0
configure:21392: result: yes
configure:21407: checking for strrchr
configure:21464: /usr/local/bin/gcc -o conftest -g -O2   conftest.c  >&5
conftest.c:72: warning: conflicting types for built-in function 'strrchr'
configure:21470: $? = 0
configure:21474: test -z 
			 || test ! -s conftest.err
configure:21477: $? = 0
configure:21480: test -s conftest
configure:21483: $? = 0
configure:21495: result: yes
configure:21510: checking for memcpy
configure:21567: /usr/local/bin/gcc -o conftest -g -O2   conftest.c  >&5
conftest.c:73: warning: conflicting types for built-in function 'memcpy'
configure:21573: $? = 0
configure:21577: test -z 
			 || test ! -s conftest.err
configure:21580: $? = 0
configure:21583: test -s conftest
configure:21586: $? = 0
configure:21598: result: yes
configure:21613: checking for memmove
configure:21670: /usr/local/bin/gcc -o conftest -g -O2   conftest.c  >&5
conftest.c:74: warning: conflicting types for built-in function 'memmove'
configure:21676: $? = 0
configure:21680: test -z 
			 || test ! -s conftest.err
configure:21683: $? = 0
configure:21686: test -s conftest
configure:21689: $? = 0
configure:21701: result: yes
configure:21613: checking for strcmp
configure:21670: /usr/local/bin/gcc -o conftest -g -O2   conftest.c  >&5
conftest.c:75: warning: conflicting types for built-in function 'strcmp'
configure:21676: $? = 0
configure:21680: test -z 
			 || test ! -s conftest.err
configure:21683: $? = 0
configure:21686: test -s conftest
configure:21689: $? = 0
configure:21701: result: yes
configure:21717: checking for closedir
configure:21774: /usr/local/bin/gcc -o conftest -g -O2   conftest.c  >&5
configure:21780: $? = 0
configure:21784: test -z 
			 || test ! -s conftest.err
configure:21787: $? = 0
configure:21790: test -s conftest
configure:21793: $? = 0
configure:21805: result: yes
configure:21717: checking for opendir
configure:21774: /usr/local/bin/gcc -o conftest -g -O2   conftest.c  >&5
configure:21780: $? = 0
configure:21784: test -z 
			 || test ! -s conftest.err
configure:21787: $? = 0
configure:21790: test -s conftest
configure:21793: $? = 0
configure:21805: result: yes
configure:21717: checking for readdir
configure:21774: /usr/local/bin/gcc -o conftest -g -O2   conftest.c  >&5
configure:21780: $? = 0
configure:21784: test -z 
			 || test ! -s conftest.err
configure:21787: $? = 0
configure:21790: test -s conftest
configure:21793: $? = 0
configure:21805: result: yes
configure:21953: creating ./config.status

## ---------------- ##
## Cache variables. ##
## ---------------- ##

ac_cv_build=x86_64-redhat-linux-gnu
ac_cv_build_alias=x86_64-redhat-linux-gnu
ac_cv_c_compiler_gnu=yes
ac_cv_c_const=yes
ac_cv_c_inline=inline
ac_cv_cxx_compiler_gnu=yes
ac_cv_env_CC_set=set
ac_cv_env_CC_value=/usr/local/bin/gcc
ac_cv_env_CFLAGS_set=
ac_cv_env_CFLAGS_value=
ac_cv_env_CPPFLAGS_set=set
ac_cv_env_CPPFLAGS_value=
ac_cv_env_CPP_set=
ac_cv_env_CPP_value=
ac_cv_env_CXXCPP_set=
ac_cv_env_CXXCPP_value=
ac_cv_env_CXXFLAGS_set=
ac_cv_env_CXXFLAGS_value=
ac_cv_env_CXX_set=set
ac_cv_env_CXX_value=/usr/local/bin/g++
ac_cv_env_F77_set=
ac_cv_env_F77_value=
ac_cv_env_FFLAGS_set=
ac_cv_env_FFLAGS_value=
ac_cv_env_LDFLAGS_set=set
ac_cv_env_LDFLAGS_value=
ac_cv_env_build_alias_set=
ac_cv_env_build_alias_value=
ac_cv_env_host_alias_set=
ac_cv_env_host_alias_value=
ac_cv_env_target_alias_set=
ac_cv_env_target_alias_value=
ac_cv_exeext=
ac_cv_f77_compiler_gnu=yes
ac_cv_func_argz_append=yes
ac_cv_func_argz_create_sep=yes
ac_cv_func_argz_insert=yes
ac_cv_func_argz_next=yes
ac_cv_func_argz_stringify=yes
ac_cv_func_closedir=yes
ac_cv_func_dlerror=yes
ac_cv_func_memcpy=yes
ac_cv_func_memmove=yes
ac_cv_func_opendir=yes
ac_cv_func_readdir=yes
ac_cv_func_shl_load=no
ac_cv_func_strchr=yes
ac_cv_func_strcmp=yes
ac_cv_func_strrchr=yes
ac_cv_header_argz_h=yes
ac_cv_header_assert_h=yes
ac_cv_header_ctype_h=yes
ac_cv_header_dirent_dirent_h=yes
ac_cv_header_dl_h=no
ac_cv_header_dld_h=no
ac_cv_header_dlfcn_h=yes
ac_cv_header_errno_h=yes
ac_cv_header_inttypes_h=yes
ac_cv_header_mach_o_dyld_h=no
ac_cv_header_malloc_h=yes
ac_cv_header_memory_h=yes
ac_cv_header_stdc=yes
ac_cv_header_stdint_h=yes
ac_cv_header_stdio_h=yes
ac_cv_header_stdlib_h=yes
ac_cv_header_string_h=yes
ac_cv_header_strings_h=yes
ac_cv_header_sys_dl_h=no
ac_cv_header_sys_stat_h=yes
ac_cv_header_sys_types_h=yes
ac_cv_header_unistd_h=yes
ac_cv_host=x86_64-redhat-linux-gnu
ac_cv_host_alias=x86_64-redhat-linux-gnu
ac_cv_lib_dl_dlopen=yes
ac_cv_lib_dld_shl_load=no
ac_cv_objext=o
ac_cv_path_install='/usr/bin/install -c'
ac_cv_prog_AWK=gawk
ac_cv_prog_CPP='/usr/local/bin/gcc -E'
ac_cv_prog_CXXCPP='/usr/local/bin/g++ -E'
ac_cv_prog_ac_ct_AR=ar
ac_cv_prog_ac_ct_CC=/usr/local/bin/gcc
ac_cv_prog_ac_ct_F77=g77
ac_cv_prog_ac_ct_RANLIB=ranlib
ac_cv_prog_ac_ct_STRIP=strip
ac_cv_prog_cc_g=yes
ac_cv_prog_cc_stdc=
ac_cv_prog_cxx_g=yes
ac_cv_prog_egrep='grep -E'
ac_cv_prog_f77_g=yes
ac_cv_prog_make_make_set=yes
ac_cv_search_opendir='none required'
ac_cv_sys_symbol_underscore=no
ac_cv_type_error_t=yes
am_cv_CC_dependencies_compiler_type=none
am_cv_CXX_dependencies_compiler_type=none
libltdl_cv_lib_dl_dlopen=yes
libltdl_cv_objdir=.libs
libltdl_cv_preloaded_symbols=yes
libltdl_cv_shlibext=.so
libltdl_cv_shlibpath_var=LD_LIBRARY_PATH
libltdl_cv_sys_dlopen_deplibs=yes
libltdl_cv_sys_search_path='/lib64 /usr/lib64 /usr/nvidia/lib /usr/nvidia/lib64 /usr/lib64/R/lib /usr/lib64/atlas /usr/lib64/atlas /usr/lib64/ldapotp /usr/lib64/mysql /usr/lib64/qt-3.3/lib /usr/lib64/xulrunner-1.9.2 '
lt_cv_deplibs_check_method=pass_all
lt_cv_file_magic_cmd='$MAGIC_CMD'
lt_cv_file_magic_test_file=
lt_cv_ld_reload_flag=-r
lt_cv_objdir=.libs
lt_cv_path_LD=/usr/local/bin/ld
lt_cv_path_LDCXX='/usr/local/bin/ld -m elf_x86_64'
lt_cv_path_NM='/usr/bin/nm -B'
lt_cv_path_SED=/bin/sed
lt_cv_prog_compiler_c_o=yes
lt_cv_prog_compiler_c_o_CXX=yes
lt_cv_prog_compiler_c_o_F77=yes
lt_cv_prog_compiler_rtti_exceptions=no
lt_cv_prog_gnu_ld=yes
lt_cv_prog_gnu_ldcxx=yes
lt_cv_sys_global_symbol_pipe='sed -n -e '\''s/^.*[ 	]\([ABCDGIRSTW][ABCDGIRSTW]*\)[ 	][ 	]*\([_A-Za-z][_A-Za-z0-9]*\)$/\1 \2 \2/p'\'''
lt_cv_sys_global_symbol_to_c_name_address='sed -n -e '\''s/^: \([^ ]*\) $/  {\"\1\", (lt_ptr) 0},/p'\'' -e '\''s/^[BCDEGRST] \([^ ]*\) \([^ ]*\)$/  {"\2", (lt_ptr) \&\2},/p'\'''
lt_cv_sys_global_symbol_to_cdecl='sed -n -e '\''s/^. .* \(.*\)$/extern int \1;/p'\'''
lt_cv_sys_max_cmd_len=32768
lt_lt_cv_prog_compiler_c_o='"yes"'
lt_lt_cv_prog_compiler_c_o_CXX='"yes"'
lt_lt_cv_prog_compiler_c_o_F77='"yes"'
lt_lt_cv_sys_global_symbol_pipe='"sed -n -e '\''s/^.*[ 	]\\([ABCDGIRSTW][ABCDGIRSTW]*\\)[ 	][ 	]*\\([_A-Za-z][_A-Za-z0-9]*\\)\$/\\1 \\2 \\2/p'\''"'
lt_lt_cv_sys_global_symbol_to_c_name_address='"sed -n -e '\''s/^: \\([^ ]*\\) \$/  {\\\"\\1\\\", (lt_ptr) 0},/p'\'' -e '\''s/^[BCDEGRST] \\([^ ]*\\) \\([^ ]*\\)\$/  {\"\\2\", (lt_ptr) \\&\\2},/p'\''"'
lt_lt_cv_sys_global_symbol_to_cdecl='"sed -n -e '\''s/^. .* \\(.*\\)\$/extern int \\1;/p'\''"'

## ----------------- ##
## Output variables. ##
## ----------------- ##

ACLOCAL='${SHELL} /g/g15/bronevet/Compilers/ROSE/libltdl/missing --run aclocal-1.9'
AMDEPBACKSLASH='\'
AMDEP_FALSE='#'
AMDEP_TRUE=''
AMTAR='${SHELL} /g/g15/bronevet/Compilers/ROSE/libltdl/missing --run tar'
AR='ar'
AS='as'
AUTOCONF='${SHELL} /g/g15/bronevet/Compilers/ROSE/libltdl/missing --run autoconf'
AUTOHEADER='${SHELL} /g/g15/bronevet/Compilers/ROSE/libltdl/missing --run autoheader'
AUTOMAKE='${SHELL} /g/g15/bronevet/Compilers/ROSE/libltdl/missing --run automake-1.9'
AWK='gawk'
CC='/usr/local/bin/gcc'
CCDEPMODE='depmode=none'
CFLAGS='-g -O2'
CONVENIENCE_LTDL_FALSE='#'
CONVENIENCE_LTDL_TRUE=''
CPP='/usr/local/bin/gcc -E'
CPPFLAGS=''
CXX='/usr/local/bin/g++'
CXXCPP='/usr/local/bin/g++ -E'
CXXDEPMODE='depmode=none'
CXXFLAGS='-g -O2'
CYGPATH_W='echo'
DEFS='-DHAVE_CONFIG_H'
DEPDIR='.deps'
DLLTOOL='dlltool'
ECHO='echo'
ECHO_C=''
ECHO_N='-n'
ECHO_T=''
EGREP='grep -E'
EXEEXT=''
F77='g77'
FFLAGS='-g -O2'
INSTALL_DATA='${INSTALL} -m 644'
INSTALL_LTDL_FALSE=''
INSTALL_LTDL_TRUE='#'
INSTALL_PROGRAM='${INSTALL}'
INSTALL_SCRIPT='${INSTALL}'
INSTALL_STRIP_PROGRAM='${SHELL} $(install_sh) -c -s'
LDFLAGS=''
LIBADD_DL='-ldl'
LIBOBJS=''
LIBS=''
LIBTOOL='$(SHELL) $(top_builddir)/libtool'
LIBTOOL_DEPS='../../libltdl/./ltmain.sh'
LN_S='ln -s'
LTLIBOBJS=''
MAKEINFO='${SHELL} /g/g15/bronevet/Compilers/ROSE/libltdl/missing --run makeinfo'
OBJDUMP='objdump'
OBJEXT='o'
PACKAGE='libltdl'
PACKAGE_BUGREPORT='bug-libtool@gnu.org'
PACKAGE_NAME='libltdl'
PACKAGE_STRING='libltdl 1.2'
PACKAGE_TARNAME='libltdl'
PACKAGE_VERSION='1.2'
PATH_SEPARATOR=':'
RANLIB='ranlib'
SED='/bin/sed'
SET_MAKE=''
SHELL='/bin/sh'
STRIP='strip'
VERSION='1.2'
ac_ct_AR='ar'
ac_ct_AS=''
ac_ct_CC='/usr/local/bin/gcc'
ac_ct_CXX=''
ac_ct_DLLTOOL=''
ac_ct_F77='g77'
ac_ct_OBJDUMP=''
ac_ct_RANLIB='ranlib'
ac_ct_STRIP='strip'
am__fastdepCC_FALSE=''
am__fastdepCC_TRUE='#'
am__fastdepCXX_FALSE=''
am__fastdepCXX_TRUE='#'
am__include='include'
am__leading_dot='.'
am__quote=''
am__tar='${AMTAR} chof - "$$tardir"'
am__untar='${AMTAR} xf -'
bindir='${exec_prefix}/bin'
build='x86_64-redhat-linux-gnu'
build_alias=''
build_cpu='x86_64'
build_os='linux-gnu'
build_vendor='redhat'
datadir='${prefix}/share'
exec_prefix='${prefix}'
host='x86_64-redhat-linux-gnu'
host_alias=''
host_cpu='x86_64'
host_os='linux-gnu'
host_vendor='redhat'
includedir='${prefix}/include'
infodir='${prefix}/info'
install_sh='/g/g15/bronevet/Compilers/ROSE/libltdl/install-sh'
libdir='${exec_prefix}/lib'
libexecdir='${exec_prefix}/libexec'
localstatedir='${prefix}/var'
mandir='${prefix}/man'
mkdir_p='mkdir -p --'
oldincludedir='/usr/include'
prefix='/g/g15/bronevet/Compilers/ROSE/compile'
program_transform_name='s,x,x,'
sbindir='${exec_prefix}/sbin'
sharedstatedir='${prefix}/com'
sysconfdir='${prefix}/etc'
target_alias=''

## ----------- ##
## confdefs.h. ##
## ----------- ##

#define HAVE_ARGZ_APPEND 1
#define HAVE_ARGZ_CREATE_SEP 1
#define HAVE_ARGZ_H 1
#define HAVE_ARGZ_INSERT 1
#define HAVE_ARGZ_NEXT 1
#define HAVE_ARGZ_STRINGIFY 1
#define HAVE_ASSERT_H 1
#define HAVE_CLOSEDIR 1
#define HAVE_CTYPE_H 1
#define HAVE_DIRENT_H 1
#define HAVE_DLERROR 1
#define HAVE_DLFCN_H 1
#define HAVE_ERRNO_H 1
#define HAVE_ERROR_T 1
#define HAVE_INTTYPES_H 1
#define HAVE_LIBDL 1
#define HAVE_MALLOC_H 1
#define HAVE_MEMCPY 1
#define HAVE_MEMMOVE 1
#define HAVE_MEMORY_H 1
#define HAVE_MEMORY_H 1
#define HAVE_OPENDIR 1
#define HAVE_PRELOADED_SYMBOLS 1
#define HAVE_READDIR 1
#define HAVE_STDINT_H 1
#define HAVE_STDIO_H 1
#define HAVE_STDLIB_H 1
#define HAVE_STDLIB_H 1
#define HAVE_STRCHR 1
#define HAVE_STRCMP 1
#define HAVE_STRINGS_H 1
#define HAVE_STRING_H 1
#define HAVE_STRING_H 1
#define HAVE_STRRCHR 1
#define HAVE_SYS_STAT_H 1
#define HAVE_SYS_TYPES_H 1
#define HAVE_UNISTD_H 1
#define HAVE_UNISTD_H 1
#define LTDL_OBJDIR ".libs/"
#define LTDL_SHLIBPATH_VAR "LD_LIBRARY_PATH"
#define LTDL_SHLIB_EXT ".so"
#define LTDL_SYSSEARCHPATH "/lib64:/usr/lib64:/usr/nvidia/lib:/usr/nvidia/lib64:/usr/lib64/R/lib:/usr/lib64/atlas:/usr/lib64/atlas:/usr/lib64/ldapotp:/usr/lib64/mysql:/usr/lib64/qt-3.3/lib:/usr/lib64/xulrunner-1.9.2"
#define PACKAGE_BUGREPORT "bug-libtool@gnu.org"
#define PACKAGE_NAME "libltdl"
#define PACKAGE_STRING "libltdl 1.2"
#define PACKAGE_TARNAME "libltdl"
#define PACKAGE_VERSION "1.2"
#define STDC_HEADERS 1
#endif
#ifdef __cplusplus
extern "C" void std::exit (int) throw (); using std::exit;

configure: exit 0

## ---------------------- ##
## Running config.status. ##
## ---------------------- ##

This file was extended by libltdl config.status 1.2, which was
generated by GNU Autoconf 2.59.  Invocation command line was

  CONFIG_FILES    = 
  CONFIG_HEADERS  = 
  CONFIG_LINKS    = 
  CONFIG_COMMANDS = 
  $ ./config.status 

on hera0

config.status:727: creating Makefile
config.status:824: creating config.h
config.status:1010: config.h is unchanged
config.status:1190: executing depfiles commands

## ---------------------- ##
## Running config.status. ##
## ---------------------- ##

This file was extended by libltdl config.status 1.2, which was
generated by GNU Autoconf 2.59.  Invocation command line was

  CONFIG_FILES    = 
  CONFIG_HEADERS  = 
  CONFIG_LINKS    = 
  CONFIG_COMMANDS = 
  $ ./config.status config.h

on hera0

config.status:824: creating config.h
config.status:1010: config.h is unchanged
